Path: /, MM: True
Path: /, MM: True
Path: /signin/, MM: True
Path: /login/, MM: True
Path: /login/, MM: True
Path: /admin-dashboard/, MM: True
Path: /admin-dashboard/settings/, MM: True
Path: /signin/, MM: True
Path: /signin/scan/, MM: True
Path: /signin/success/, MM: True
Path: /dashboard/, MM: True
Path: /admin-dashboard/settings/, MM: True
Path: /admin-dashboard/settings/, MM: False
Path: /, MM: False
Path: /signin/, MM: False
Path: /signin/scan/, MM: False
Path: /signin/success/, MM: False
Path: /dashboard/, MM: False
Path: /admin-dashboard/settings/, MM: False
Path: /admin-dashboard/settings/, MM: True
Path: /, MM: True
Path: /signin/, MM: True
Path: /register/, MM: True
Path: /, MM: True
Path: /, MM: True
Path: /maintainance, MM: True
Path: /maintainance.com, MM: True
Path: /maintainance.html, MM: True
Path: /, MM: True
Path: /signin/, MM: True
Path: /login/, MM: True
Path: /login/, MM: True
Path: /admin-dashboard/, MM: True
Path: /admin-dashboard/settings/, MM: True
Path: /, MM: True
Path: /signin/, MM: True
Path: /signin/scan/, MM: True
Path: /signin/success/, MM: True
Path: /dashboard/, MM: True
Path: /signin/, MM: True
Path: /signin/, MM: True, Admin: False
Path: /signin/, MM: True
Path: /signin/, MM: True, Admin: False
